<?xml version="1.0" encoding="UTF-8"?>
<testsuite name="org.gradle.webservice.TestTestTest" tests="2" skipped="0" failures="0" errors="0" timestamp="2014-12-18T17:15:44" hostname="localhost.localdomain" time="0.036">
  <properties/>
  <testcase name="testClasspath" classname="org.gradle.webservice.TestTestTest" time="0.032"/>
  <testcase name="testApiCompileClasspath" classname="org.gradle.webservice.TestTestTest" time="0.0"/>
  <system-out><![CDATA[]]></system-out>
  <system-err><![CDATA[]]></system-err>
</testsuite>
