<?xml version="1.0" encoding="UTF-8"?>
<testsuite name="org.gradle.webservice.TestTestTest" tests="2" skipped="0" failures="0" errors="0" timestamp="2015-03-31T16:35:56" hostname="Dima" time="0.024">
  <properties/>
  <testcase name="testApiCompileClasspath" classname="org.gradle.webservice.TestTestTest" time="0.004"/>
  <testcase name="testClasspath" classname="org.gradle.webservice.TestTestTest" time="0.02"/>
  <system-out><![CDATA[]]></system-out>
  <system-err><![CDATA[]]></system-err>
</testsuite>
