<?xml version="1.0" encoding="UTF-8"?>
<testsuite name="org.gradle.webservice.TestTestTest" tests="2" skipped="0" failures="0" errors="0" timestamp="2015-01-07T10:00:53" hostname="Dima" time="0.046">
  <properties/>
  <testcase name="testApiCompileClasspath" classname="org.gradle.webservice.TestTestTest" time="0.015"/>
  <testcase name="testClasspath" classname="org.gradle.webservice.TestTestTest" time="0.031"/>
  <system-out><![CDATA[]]></system-out>
  <system-err><![CDATA[]]></system-err>
</testsuite>
